<?xml version="1.0" encoding="UTF-8"?>
<!-- Generated by org.testng.reporters.JUnitReportReporter -->
<testsuite hostname="Murugavel" failures="0" tests="1" name="TestNGRun.NewTest" time="139.218" errors="0" timestamp="2021-02-09T15:53:35 IST" skipped="0">
  <testcase classname="TestNGRun.NewTest" name="f" time="139.218"/>
  <system-out/>
</testsuite> <!-- TestNGRun.NewTest -->
